# JRE version: Java(TM) SE Runtime Environment (9.0+11) (build 9.0.4+11)
# Java VM: Java HotSpot(TM) 64-Bit Server VM (9.0.4+11, mixed mode, tiered, compressed oops, g1 gc, windows-amd64)
Heap:
 garbage-first heap   total 207872K, used 126342K [0x0000000700000000, 0x0000000700100658, 0x00000007c0000000)
  region size 1024K, 38 young (38912K), 2 survivors (2048K)
 Metaspace       used 84016K, capacity 88409K, committed 90876K, reserved 1128448K
  class space    used 11226K, capacity 12029K, committed 12540K, reserved 1048576K
GC Heap History (10 events):
Event: 3835.333 GC heap before
{Heap before GC invocations=318 (full 70):
 garbage-first heap   total 207872K, used 149421K [0x0000000700000000, 0x0000000700100658, 0x00000007c0000000)
  region size 1024K, 60 young (61440K), 1 survivors (1024K)
 Metaspace       used 82917K, capacity 87257K, committed 89980K, reserved 1126400K
  class space    used 11034K, capacity 11813K, committed 12412K, reserved 1048576K
}
Event: 3835.337 GC heap after
{Heap after GC invocations=319 (full 70):
 garbage-first heap   total 207872K, used 89030K [0x0000000700000000, 0x0000000700100658, 0x00000007c0000000)
  region size 1024K, 1 young (1024K), 1 survivors (1024K)
 Metaspace       used 82917K, capacity 87257K, committed 89980K, reserved 1126400K
  class space    used 11034K, capacity 11813K, committed 12412K, reserved 1048576K
}
Event: 3835.555 GC heap before
{Heap before GC invocations=319 (full 70):
 garbage-first heap   total 207872K, used 149446K [0x0000000700000000, 0x0000000700100658, 0x00000007c0000000)
  region size 1024K, 60 young (61440K), 1 survivors (1024K)
 Metaspace       used 82917K, capacity 87257K, committed 89980K, reserved 1126400K
  class space    used 11034K, capacity 11813K, committed 12412K, reserved 1048576K
}
Event: 3835.559 GC heap after
{Heap after GC invocations=320 (full 70):
 garbage-first heap   total 207872K, used 89095K [0x0000000700000000, 0x0000000700100658, 0x00000007c0000000)
  region size 1024K, 1 young (1024K), 1 survivors (1024K)
 Metaspace       used 82917K, capacity 87257K, committed 89980K, reserved 1126400K
  class space    used 11034K, capacity 11813K, committed 12412K, reserved 1048576K
}
Event: 3837.113 GC heap before
{Heap before GC invocations=320 (full 70):
 garbage-first heap   total 207872K, used 149511K [0x0000000700000000, 0x0000000700100658, 0x00000007c0000000)
  region size 1024K, 60 young (61440K), 1 survivors (1024K)
 Metaspace       used 84000K, capacity 88409K, committed 90876K, reserved 1128448K
  class space    used 11226K, capacity 12029K, committed 12540K, reserved 1048576K
}
Event: 3837.122 GC heap after
{Heap after GC invocations=321 (full 70):
 garbage-first heap   total 207872K, used 91842K [0x0000000700000000, 0x0000000700100658, 0x00000007c0000000)
  region size 1024K, 4 young (4096K), 4 survivors (4096K)
 Metaspace       used 84000K, capacity 88409K, committed 90876K, reserved 1128448K
  class space    used 11226K, capacity 12029K, committed 12540K, reserved 1048576K
}
Event: 3837.902 GC heap before
{Heap before GC invocations=321 (full 70):
 garbage-first heap   total 207872K, used 149186K [0x0000000700000000, 0x0000000700100658, 0x00000007c0000000)
  region size 1024K, 60 young (61440K), 4 survivors (4096K)
 Metaspace       used 84010K, capacity 88409K, committed 90876K, reserved 1128448K
  class space    used 11226K, capacity 12029K, committed 12540K, reserved 1048576K
}
Event: 3837.910 GC heap after
{Heap after GC invocations=322 (full 70):
 garbage-first heap   total 207872K, used 90096K [0x0000000700000000, 0x0000000700100658, 0x00000007c0000000)
  region size 1024K, 2 young (2048K), 2 survivors (2048K)
 Metaspace       used 84010K, capacity 88409K, committed 90876K, reserved 1128448K
  class space    used 11226K, capacity 12029K, committed 12540K, reserved 1048576K
}
Event: 3841.600 GC heap before
{Heap before GC invocations=322 (full 70):
 garbage-first heap   total 207872K, used 151536K [0x0000000700000000, 0x0000000700100658, 0x00000007c0000000)
  region size 1024K, 60 young (61440K), 2 survivors (2048K)
 Metaspace       used 84016K, capacity 88409K, committed 90876K, reserved 1128448K
  class space    used 11226K, capacity 12029K, committed 12540K, reserved 1048576K
}
Event: 3841.606 GC heap after
{Heap after GC invocations=323 (full 70):
 garbage-first heap   total 207872K, used 90502K [0x0000000700000000, 0x0000000700100658, 0x00000007c0000000)
  region size 1024K, 2 young (2048K), 2 survivors (2048K)
 Metaspace       used 84016K, capacity 88409K, committed 90876K, reserved 1128448K
  class space    used 11226K, capacity 12029K, committed 12540K, reserved 1048576K
}

